2023-09-25 15:10:13 ICT LOG:  database system was interrupted; last known up at 2023-09-19 14:01:45 ICT
2023-09-25 15:10:13 ICT FATAL:  the database system is starting up
2023-09-25 15:10:13 ICT LOG:  database system was not properly shut down; automatic recovery in progress
2023-09-25 15:10:13 ICT LOG:  record with zero length at 0/2F17938
2023-09-25 15:10:13 ICT LOG:  redo is not required
2023-09-25 15:10:13 ICT LOG:  database system is ready to accept connections
2023-09-25 15:10:14 ICT LOG:  autovacuum launcher started
2023-09-25 15:36:45 ICT ERROR:  could not obtain lock on row in relation "ir_cron"
2023-09-25 15:36:45 ICT STATEMENT:  SELECT *
	                                   FROM ir_cron
	                                   WHERE numbercall != 0
	                                      AND active
	                                      AND nextcall <= (now() at time zone 'UTC')
	                                      AND id=1
	                                   FOR UPDATE NOWAIT
2023-09-25 16:08:20 ICT ERROR:  could not obtain lock on row in relation "ir_cron"
2023-09-25 16:08:20 ICT STATEMENT:  SELECT *
	                                   FROM ir_cron
	                                   WHERE numbercall != 0
	                                      AND active
	                                      AND nextcall <= (now() at time zone 'UTC')
	                                      AND id=1
	                                   FOR UPDATE NOWAIT
2023-09-25 16:09:21 ICT ERROR:  could not obtain lock on row in relation "ir_cron"
2023-09-25 16:09:21 ICT STATEMENT:  SELECT *
	                                   FROM ir_cron
	                                   WHERE numbercall != 0
	                                      AND active
	                                      AND nextcall <= (now() at time zone 'UTC')
	                                      AND id=2
	                                   FOR UPDATE NOWAIT
