2023-12-09 13:00:02 ICT LOG:  database system was interrupted; last known up at 2023-12-09 12:55:22 ICT
2023-12-09 13:00:02 ICT LOG:  database system was not properly shut down; automatic recovery in progress
2023-12-09 13:00:02 ICT LOG:  record with zero length at 0/1B6A6BB0
2023-12-09 13:00:02 ICT LOG:  redo is not required
2023-12-09 13:00:03 ICT FATAL:  the database system is starting up
2023-12-09 13:00:03 ICT LOG:  database system is ready to accept connections
2023-12-09 13:00:03 ICT LOG:  autovacuum launcher started
2023-12-09 13:06:10 ICT ERROR:  could not obtain lock on row in relation "ir_cron"
2023-12-09 13:06:10 ICT STATEMENT:  SELECT *
	                                   FROM ir_cron
	                                   WHERE numbercall != 0
	                                      AND active
	                                      AND nextcall <= (now() at time zone 'UTC')
	                                      AND id=1
	                                   FOR UPDATE NOWAIT
2023-12-09 13:39:44 ICT ERROR:  could not obtain lock on row in relation "ir_cron"
2023-12-09 13:39:44 ICT STATEMENT:  SELECT *
	                                   FROM ir_cron
	                                   WHERE numbercall != 0
	                                      AND active
	                                      AND nextcall <= (now() at time zone 'UTC')
	                                      AND id=5
	                                   FOR UPDATE NOWAIT
2023-12-09 13:39:44 ICT ERROR:  could not obtain lock on row in relation "ir_cron"
2023-12-09 13:39:44 ICT STATEMENT:  SELECT id FROM "ir_cron" WHERE id IN (5) FOR UPDATE NOWAIT
