2023-12-13 13:11:52 ICT LOG:  database system was interrupted; last known up at 2023-12-13 11:38:45 ICT
2023-12-13 13:11:52 ICT LOG:  database system was not properly shut down; automatic recovery in progress
2023-12-13 13:11:52 ICT LOG:  record with zero length at 0/1DE76DA8
2023-12-13 13:11:52 ICT LOG:  redo is not required
2023-12-13 13:11:52 ICT FATAL:  the database system is starting up
2023-12-13 13:11:53 ICT LOG:  database system is ready to accept connections
2023-12-13 13:11:54 ICT LOG:  autovacuum launcher started
2023-12-13 13:15:06 ICT ERROR:  could not obtain lock on row in relation "ir_cron"
2023-12-13 13:15:06 ICT STATEMENT:  SELECT *
	                                   FROM ir_cron
	                                   WHERE numbercall != 0
	                                      AND active
	                                      AND nextcall <= (now() at time zone 'UTC')
	                                      AND id=2
	                                   FOR UPDATE NOWAIT
2023-12-13 13:15:06 ICT ERROR:  could not obtain lock on row in relation "ir_cron"
2023-12-13 13:15:06 ICT STATEMENT:  SELECT id FROM "ir_cron" WHERE id IN (7) FOR UPDATE NOWAIT
2023-12-13 13:15:06 ICT ERROR:  could not obtain lock on row in relation "ir_cron"
2023-12-13 13:15:06 ICT STATEMENT:  SELECT *
	                                   FROM ir_cron
	                                   WHERE numbercall != 0
	                                      AND active
	                                      AND nextcall <= (now() at time zone 'UTC')
	                                      AND id=2
	                                   FOR UPDATE NOWAIT
2023-12-13 13:15:06 ICT ERROR:  could not obtain lock on row in relation "ir_cron"
2023-12-13 13:15:06 ICT STATEMENT:  SELECT *
	                                   FROM ir_cron
	                                   WHERE numbercall != 0
	                                      AND active
	                                      AND nextcall <= (now() at time zone 'UTC')
	                                      AND id=2
	                                   FOR UPDATE NOWAIT
2023-12-13 13:15:06 ICT ERROR:  could not obtain lock on row in relation "ir_cron"
2023-12-13 13:15:06 ICT STATEMENT:  SELECT *
	                                   FROM ir_cron
	                                   WHERE numbercall != 0
	                                      AND active
	                                      AND nextcall <= (now() at time zone 'UTC')
	                                      AND id=2
	                                   FOR UPDATE NOWAIT
2023-12-13 13:15:06 ICT ERROR:  could not obtain lock on row in relation "ir_cron"
2023-12-13 13:15:06 ICT STATEMENT:  SELECT *
	                                   FROM ir_cron
	                                   WHERE numbercall != 0
	                                      AND active
	                                      AND nextcall <= (now() at time zone 'UTC')
	                                      AND id=2
	                                   FOR UPDATE NOWAIT
2023-12-13 13:39:31 ICT ERROR:  could not obtain lock on row in relation "ir_cron"
2023-12-13 13:39:31 ICT STATEMENT:  SELECT id FROM "ir_cron" WHERE id IN (5) FOR UPDATE NOWAIT
