2023-12-14 17:23:24 ICT LOG:  database system was interrupted; last known up at 2023-12-13 14:41:56 ICT
2023-12-14 17:23:24 ICT LOG:  database system was not properly shut down; automatic recovery in progress
2023-12-14 17:23:24 ICT LOG:  redo starts at 0/1E1BD230
2023-12-14 17:23:24 ICT FATAL:  the database system is starting up
2023-12-14 17:23:24 ICT LOG:  record with zero length at 0/1E1BF368
2023-12-14 17:23:24 ICT LOG:  redo done at 0/1E1BF338
2023-12-14 17:23:24 ICT LOG:  last completed transaction was at log time 2023-12-13 14:44:50.767+07
2023-12-14 17:23:25 ICT LOG:  database system is ready to accept connections
2023-12-14 17:23:25 ICT LOG:  autovacuum launcher started
2023-12-14 17:25:29 ICT ERROR:  could not obtain lock on row in relation "ir_cron"
2023-12-14 17:25:29 ICT STATEMENT:  SELECT *
	                                   FROM ir_cron
	                                   WHERE numbercall != 0
	                                      AND active
	                                      AND nextcall <= (now() at time zone 'UTC')
	                                      AND id=11
	                                   FOR UPDATE NOWAIT
2023-12-14 17:25:29 ICT ERROR:  could not obtain lock on row in relation "ir_cron"
2023-12-14 17:25:29 ICT STATEMENT:  SELECT *
	                                   FROM ir_cron
	                                   WHERE numbercall != 0
	                                      AND active
	                                      AND nextcall <= (now() at time zone 'UTC')
	                                      AND id=5
	                                   FOR UPDATE NOWAIT
2023-12-14 17:25:29 ICT ERROR:  could not obtain lock on row in relation "ir_cron"
2023-12-14 17:25:29 ICT STATEMENT:  SELECT id FROM "ir_cron" WHERE id IN (5) FOR UPDATE NOWAIT
2023-12-14 17:35:40 ICT ERROR:  could not obtain lock on row in relation "ir_cron"
2023-12-14 17:35:40 ICT STATEMENT:  SELECT *
	                                   FROM ir_cron
	                                   WHERE numbercall != 0
	                                      AND active
	                                      AND nextcall <= (now() at time zone 'UTC')
	                                      AND id=1
	                                   FOR UPDATE NOWAIT
2023-12-14 17:39:44 ICT ERROR:  could not obtain lock on row in relation "ir_cron"
2023-12-14 17:39:44 ICT STATEMENT:  SELECT *
	                                   FROM ir_cron
	                                   WHERE numbercall != 0
	                                      AND active
	                                      AND nextcall <= (now() at time zone 'UTC')
	                                      AND id=2
	                                   FOR UPDATE NOWAIT
2023-12-14 17:39:44 ICT ERROR:  could not obtain lock on row in relation "ir_cron"
2023-12-14 17:39:44 ICT STATEMENT:  SELECT id FROM "ir_cron" WHERE id IN (5) FOR UPDATE NOWAIT
