2023-12-27 14:13:51 ICT LOG:  database system was interrupted; last known up at 2023-12-24 00:21:15 ICT
2023-12-27 14:13:51 ICT LOG:  database system was not properly shut down; automatic recovery in progress
2023-12-27 14:13:51 ICT LOG:  redo starts at 0/2152B040
2023-12-27 14:13:51 ICT LOG:  record with zero length at 0/2152C9F8
2023-12-27 14:13:51 ICT LOG:  redo done at 0/2152C9C8
2023-12-27 14:13:51 ICT LOG:  last completed transaction was at log time 2023-12-24 00:24:56.014+07
2023-12-27 14:13:51 ICT FATAL:  the database system is starting up
2023-12-27 14:13:51 ICT LOG:  database system is ready to accept connections
2023-12-27 14:13:52 ICT LOG:  autovacuum launcher started
2023-12-27 14:17:04 ICT ERROR:  could not obtain lock on row in relation "ir_cron"
2023-12-27 14:17:04 ICT STATEMENT:  SELECT *
	                                   FROM ir_cron
	                                   WHERE numbercall != 0
	                                      AND active
	                                      AND nextcall <= (now() at time zone 'UTC')
	                                      AND id=5
	                                   FOR UPDATE NOWAIT
2023-12-27 14:17:05 ICT ERROR:  could not obtain lock on row in relation "ir_cron"
2023-12-27 14:17:05 ICT STATEMENT:  SELECT id FROM "ir_cron" WHERE id IN (5) FOR UPDATE NOWAIT
2023-12-27 14:17:05 ICT ERROR:  could not obtain lock on row in relation "ir_cron"
2023-12-27 14:17:05 ICT STATEMENT:  SELECT *
	                                   FROM ir_cron
	                                   WHERE numbercall != 0
	                                      AND active
	                                      AND nextcall <= (now() at time zone 'UTC')
	                                      AND id=10
	                                   FOR UPDATE NOWAIT
2023-12-27 14:17:05 ICT ERROR:  could not obtain lock on row in relation "ir_cron"
2023-12-27 14:17:05 ICT STATEMENT:  SELECT *
	                                   FROM ir_cron
	                                   WHERE numbercall != 0
	                                      AND active
	                                      AND nextcall <= (now() at time zone 'UTC')
	                                      AND id=9
	                                   FOR UPDATE NOWAIT
2023-12-27 14:17:05 ICT ERROR:  could not obtain lock on row in relation "ir_cron"
2023-12-27 14:17:05 ICT STATEMENT:  SELECT *
	                                   FROM ir_cron
	                                   WHERE numbercall != 0
	                                      AND active
	                                      AND nextcall <= (now() at time zone 'UTC')
	                                      AND id=11
	                                   FOR UPDATE NOWAIT
2023-12-27 14:17:05 ICT ERROR:  could not obtain lock on row in relation "ir_cron"
2023-12-27 14:17:05 ICT STATEMENT:  SELECT *
	                                   FROM ir_cron
	                                   WHERE numbercall != 0
	                                      AND active
	                                      AND nextcall <= (now() at time zone 'UTC')
	                                      AND id=2
	                                   FOR UPDATE NOWAIT
2023-12-27 14:17:05 ICT ERROR:  could not obtain lock on row in relation "ir_cron"
2023-12-27 14:17:05 ICT STATEMENT:  SELECT *
	                                   FROM ir_cron
	                                   WHERE numbercall != 0
	                                      AND active
	                                      AND nextcall <= (now() at time zone 'UTC')
	                                      AND id=1
	                                   FOR UPDATE NOWAIT
