2023-12-08 21:30:51 ICT LOG:  database system was interrupted; last known up at 2023-12-04 12:53:45 ICT
2023-12-08 21:30:51 ICT LOG:  database system was not properly shut down; automatic recovery in progress
2023-12-08 21:30:51 ICT LOG:  redo starts at 0/16657AB8
2023-12-08 21:30:51 ICT LOG:  record with zero length at 0/1665A940
2023-12-08 21:30:51 ICT LOG:  redo done at 0/1665A910
2023-12-08 21:30:51 ICT LOG:  last completed transaction was at log time 2023-12-04 12:59:27.413+07
2023-12-08 21:30:51 ICT FATAL:  the database system is starting up
2023-12-08 21:30:52 ICT LOG:  database system is ready to accept connections
2023-12-08 21:30:52 ICT LOG:  autovacuum launcher started
2023-12-08 21:32:58 ICT ERROR:  could not obtain lock on row in relation "ir_cron"
2023-12-08 21:32:58 ICT STATEMENT:  SELECT id FROM "ir_cron" WHERE id IN (7) FOR UPDATE NOWAIT
2023-12-08 21:32:58 ICT ERROR:  could not obtain lock on row in relation "ir_cron"
2023-12-08 21:32:58 ICT STATEMENT:  SELECT *
	                                   FROM ir_cron
	                                   WHERE numbercall != 0
	                                      AND active
	                                      AND nextcall <= (now() at time zone 'UTC')
	                                      AND id=1
	                                   FOR UPDATE NOWAIT
2023-12-08 21:33:38 ICT ERROR:  could not serialize access due to concurrent update
2023-12-08 21:33:38 ICT STATEMENT:  UPDATE "ir_module_module" SET "demo"=true,"state"='to install',"write_uid"=1,"write_date"=(now() at time zone 'UTC') WHERE id IN (166)
2023-12-08 21:33:38 ICT ERROR:  could not serialize access due to concurrent update
2023-12-08 21:33:38 ICT STATEMENT:  UPDATE "ir_module_module" SET "demo"=true,"state"='to install',"write_uid"=1,"write_date"=(now() at time zone 'UTC') WHERE id IN (267)
2023-12-08 21:36:01 ICT ERROR:  could not obtain lock on row in relation "ir_cron"
2023-12-08 21:36:01 ICT STATEMENT:  SELECT *
	                                   FROM ir_cron
	                                   WHERE numbercall != 0
	                                      AND active
	                                      AND nextcall <= (now() at time zone 'UTC')
	                                      AND id=9
	                                   FOR UPDATE NOWAIT
